<?xml version="1.0" encoding="UTF-8"?>
<!-- Generated by org.testng.reporters.JUnitReportReporter -->
<testsuite hostname="DESKTOP-LJ63IJJ" failures="0" tests="1" name="virtusa.tests.ErrorValidations" time="4.642" errors="0" timestamp="2023-01-29T14:00:52 IST" skipped="0">
  <testcase classname="virtusa.tests.ErrorValidations" name="submitOrder" time="4.642"/>
  <system-out/>
</testsuite> <!-- virtusa.tests.ErrorValidations -->
