<?xml version="1.0" encoding="UTF-8"?>
<!-- Generated by org.testng.reporters.JUnitReportReporter -->
<testsuite hostname="DESKTOP-LJ63IJJ" failures="0" tests="3" name="virtusa.tests.SubmitOrderTest" time="76.262" errors="0" timestamp="2023-02-02T23:13:56 IST" skipped="0">
  <testcase classname="virtusa.tests.SubmitOrderTest" name="submitOrder" time="27.839"/>
  <system-out/>
  <testcase classname="virtusa.tests.SubmitOrderTest" name="OrderHistoryTest" time="22.452"/>
  <system-out/>
  <testcase classname="virtusa.tests.SubmitOrderTest" name="submitOrder" time="25.971"/>
  <system-out/>
</testsuite> <!-- virtusa.tests.SubmitOrderTest -->
